android/app/build/intermediates/manifest_merge_blame_file/release/manifest-merger-blame-release-report.txt
1<?xml version="1.0" encoding="utf-8"?>
2<manifest xmlns:android="http://schemas.android.com/apk/res/android"
3    package="com.innovationchainoffical"
4    android:versionCode="1"
5    android:versionName="1.0" >
6
7    <uses-sdk
8        android:minSdkVersion="21"
8-->src\main\AndroidManifest.xml
9        android:targetSdkVersion="31" />
9-->src\main\AndroidManifest.xml
10
11    <uses-permission android:name="android.permission.INTERNET" />
11-->src\main\AndroidManifest.xml:4:5-67
11-->src\main\AndroidManifest.xml:4:22-64
12
13    <application
13-->src\main\AndroidManifest.xml:6:5-35:19
14        android:name="com.innovationchainoffical.MainApplication"
14-->src\main\AndroidManifest.xml:7:7-38
15        android:allowBackup="false"
15-->src\main\AndroidManifest.xml:11:7-34
16        android:appComponentFactory="androidx.core.app.CoreComponentFactory"
16-->[androidx.core:core:1.7.0] AndroidManifest.xml:24:18-86
17        android:icon="@mipmap/ic_launcher"
17-->src\main\AndroidManifest.xml:9:7-41
18        android:label="@string/app_name"
18-->src\main\AndroidManifest.xml:8:7-39
19        android:roundIcon="@mipmap/ic_launcher"
19-->src\main\AndroidManifest.xml:10:7-46
20        android:theme="@style/AppTheme" >
20-->src\main\AndroidManifest.xml:12:7-38
21        <activity
21-->src\main\AndroidManifest.xml:15:7-24:17
22            android:name="com.innovationchainoffical.SplashActivity"
22-->src\main\AndroidManifest.xml:16:9-39
23            android:exported="true"
23-->src\main\AndroidManifest.xml:19:9-32
24            android:label="@string/app_name"
24-->src\main\AndroidManifest.xml:18:9-41
25            android:theme="@style/SplashTheme" >
25-->src\main\AndroidManifest.xml:17:9-43
26            <intent-filter>
26-->src\main\AndroidManifest.xml:20:9-23:25
27                <action android:name="android.intent.action.MAIN" />
27-->src\main\AndroidManifest.xml:21:11-63
27-->src\main\AndroidManifest.xml:21:19-60
28
29                <category android:name="android.intent.category.LAUNCHER" />
29-->src\main\AndroidManifest.xml:22:11-71
29-->src\main\AndroidManifest.xml:22:21-68
30            </intent-filter>
31        </activity>
32        <activity
32-->src\main\AndroidManifest.xml:26:7-34:18
33            android:name="com.innovationchainoffical.MainActivity"
33-->src\main\AndroidManifest.xml:27:9-37
34            android:configChanges="keyboard|keyboardHidden|orientation|screenLayout|screenSize|smallestScreenSize|uiMode"
34-->src\main\AndroidManifest.xml:29:9-118
35            android:exported="true"
35-->src\main\AndroidManifest.xml:32:9-32
36            android:label="@string/app_name"
36-->src\main\AndroidManifest.xml:28:9-41
37            android:launchMode="singleTask"
37-->src\main\AndroidManifest.xml:30:9-40
38            android:windowSoftInputMode="adjustResize" >
38-->src\main\AndroidManifest.xml:31:9-51
39        </activity>
40
41        <provider
41-->[androidx.emoji2:emoji2:1.0.0] AndroidManifest.xml:26:9-34:20
42            android:name="androidx.startup.InitializationProvider"
42-->[androidx.emoji2:emoji2:1.0.0] AndroidManifest.xml:27:13-67
43            android:authorities="com.innovationchainoffical.androidx-startup"
43-->[androidx.emoji2:emoji2:1.0.0] AndroidManifest.xml:28:13-68
44            android:exported="false" >
44-->[androidx.emoji2:emoji2:1.0.0] AndroidManifest.xml:29:13-37
45            <meta-data
45-->[androidx.emoji2:emoji2:1.0.0] AndroidManifest.xml:31:13-33:52
46                android:name="androidx.emoji2.text.EmojiCompatInitializer"
46-->[androidx.emoji2:emoji2:1.0.0] AndroidManifest.xml:32:17-75
47                android:value="androidx.startup" />
47-->[androidx.emoji2:emoji2:1.0.0] AndroidManifest.xml:33:17-49
48            <meta-data
48-->[androidx.lifecycle:lifecycle-process:2.4.0] AndroidManifest.xml:31:13-33:52
49                android:name="androidx.lifecycle.ProcessLifecycleInitializer"
49-->[androidx.lifecycle:lifecycle-process:2.4.0] AndroidManifest.xml:32:17-78
50                android:value="androidx.startup" />
50-->[androidx.lifecycle:lifecycle-process:2.4.0] AndroidManifest.xml:33:17-49
51        </provider>
52    </application>
53
54</manifest>